<?xml version="1.0" encoding="UTF-8"?>
<!-- Generated by org.testng.reporters.JUnitReportReporter -->
<testsuite hostname="DESKTOP-3FEF11Q" failures="0" tests="2" name="com.framework.Package.tests.SmokeTest" time="0.000" errors="1" timestamp="08 Oct 2022 18:26:20 GMT" skipped="1">
  <testcase classname="com.framework.Package.tests.SmokeTest" name="openBrowser" time="0.000">
    <error message="
Parameter &#039;browserType&#039; is required by BeforeClass on method openBrowser but has not been marked @Optional or defined
in C:\Users\User\AppData\Local\Temp\testng-eclipse--287367277\testng-customsuite.xml" type="org.testng.TestNGException">
      <![CDATA[org.testng.TestNGException: Parameter 'browserType' is required by BeforeClass on method openBrowser but has not been marked @Optional or definedin C:\Users\User\AppData\Local\Temp\testng-eclipse--287367277\testng-customsuite.xmlat org.testng.internal.Parameters.createParams(Parameters.java:290)at org.testng.internal.Parameters.createParametersForMethod(Parameters.java:359)at org.testng.internal.Parameters.createParameters(Parameters.java:620)at org.testng.internal.Parameters.createConfigurationParameters(Parameters.java:190)at org.testng.internal.Invoker.invokeConfigurations(Invoker.java:209)at org.testng.internal.Invoker.invokeConfigurations(Invoker.java:142)at org.testng.internal.TestMethodWorker.invokeBeforeClassMethods(TestMethodWorker.java:163)at org.testng.internal.TestMethodWorker.run(TestMethodWorker.java:105)at org.testng.TestRunner.privateRun(TestRunner.java:648)at org.testng.TestRunner.run(TestRunner.java:505)at org.testng.SuiteRunner.runTest(SuiteRunner.java:455)at org.testng.SuiteRunner.runSequentially(SuiteRunner.java:450)at org.testng.SuiteRunner.privateRun(SuiteRunner.java:415)at org.testng.SuiteRunner.run(SuiteRunner.java:364)at org.testng.SuiteRunnerWorker.runSuite(SuiteRunnerWorker.java:52)at org.testng.SuiteRunnerWorker.run(SuiteRunnerWorker.java:84)at org.testng.TestNG.runSuitesSequentially(TestNG.java:1187)at org.testng.TestNG.runSuitesLocally(TestNG.java:1116)at org.testng.TestNG.runSuites(TestNG.java:1028)at org.testng.TestNG.run(TestNG.java:996)at org.testng.remote.AbstractRemoteTestNG.run(AbstractRemoteTestNG.java:115)at org.testng.remote.RemoteTestNG.initAndRun(RemoteTestNG.java:251)at org.testng.remote.RemoteTestNG.main(RemoteTestNG.java:77)]]>
    </error>
  </testcase> <!-- openBrowser -->
  <testcase classname="com.framework.Package.tests.SmokeTest" name="invalidLoginTest" time="0.000">
    <skipped/>
  </testcase> <!-- invalidLoginTest -->
</testsuite> <!-- com.framework.Package.tests.SmokeTest -->
